<?xml version="1.0" encoding="UTF-8"?>
<!-- Generated by org.testng.reporters.JUnitXMLReporter -->
<testsuite ignored="0" hostname="DESKTOP-QBC2F5N" failures="0" tests="7" name="Surefire test" time="2.151" errors="0" timestamp="2024-11-22T02:34:44 IST">
  <testcase classname="testBase.BaseClass" name="@BeforeClass setUp" time="-1.7322230826E9">
    <failure type="org.testng.TestNGException" message="
Parameter &amp;apos;os&amp;apos; is required by BeforeClass on method setUp but has not been marked @Optional or defined
">
      <![CDATA[org.testng.TestNGException: 
Parameter 'os' is required by BeforeClass on method setUp but has not been marked @Optional or defined

at java.base/java.util.ArrayList.forEach(ArrayList.java:1596)
... Removed 27 stack frames]]>
    </failure>
  </testcase> <!-- @BeforeClass setUp -->
  <testcase classname="testBase.BaseClass" name="@AfterClass tearDown" time="0.0">
    <skipped/>
  </testcase> <!-- @AfterClass tearDown -->
  <testcase classname="testBase.BaseClass" name="@BeforeClass setUp" time="-1.732223082655E9">
    <failure type="org.testng.TestNGException" message="
Parameter &amp;apos;os&amp;apos; is required by BeforeClass on method setUp but has not been marked @Optional or defined
">
      <![CDATA[org.testng.TestNGException: 
Parameter 'os' is required by BeforeClass on method setUp but has not been marked @Optional or defined

at java.base/java.util.ArrayList.forEach(ArrayList.java:1596)
... Removed 27 stack frames]]>
    </failure>
  </testcase> <!-- @BeforeClass setUp -->
  <testcase classname="testBase.BaseClass" name="@AfterClass tearDown" time="0.0">
    <skipped/>
  </testcase> <!-- @AfterClass tearDown -->
  <testcase classname="testBase.BaseClass" name="@BeforeClass setUp" time="-1.732223082663E9">
    <failure type="org.testng.TestNGException" message="
Parameter &amp;apos;os&amp;apos; is required by BeforeClass on method setUp but has not been marked @Optional or defined
">
      <![CDATA[org.testng.TestNGException: 
Parameter 'os' is required by BeforeClass on method setUp but has not been marked @Optional or defined

at java.base/java.util.ArrayList.forEach(ArrayList.java:1596)
... Removed 27 stack frames]]>
    </failure>
  </testcase> <!-- @BeforeClass setUp -->
  <testcase classname="testBase.BaseClass" name="@AfterClass tearDown" time="0.0">
    <skipped/>
  </testcase> <!-- @AfterClass tearDown -->
  <testcase classname="testCases.TC_001_AccountRegistrationTest" name="verify_account_registration" time="0.0">
    <skipped/>
  </testcase> <!-- verify_account_registration -->
  <testcase classname="testCases.TC_002_LoginTest" name="verify_account_logIn" time="0.0">
    <skipped/>
  </testcase> <!-- verify_account_logIn -->
  <testcase classname="testCases.TC_003_LoginDDTTest" name="verify_account_logIn_DDT" time="0.0">
    <skipped/>
  </testcase> <!-- verify_account_logIn_DDT -->
  <testcase classname="testCases.TC_003_LoginDDTTest" name="verify_account_logIn_DDT" time="0.0">
    <skipped/>
  </testcase> <!-- verify_account_logIn_DDT -->
  <testcase classname="testCases.TC_003_LoginDDTTest" name="verify_account_logIn_DDT" time="0.0">
    <skipped/>
  </testcase> <!-- verify_account_logIn_DDT -->
  <testcase classname="testCases.TC_003_LoginDDTTest" name="verify_account_logIn_DDT" time="0.0">
    <skipped/>
  </testcase> <!-- verify_account_logIn_DDT -->
  <testcase classname="testCases.TC_003_LoginDDTTest" name="verify_account_logIn_DDT" time="0.0">
    <skipped/>
  </testcase> <!-- verify_account_logIn_DDT -->
</testsuite> <!-- Surefire test -->
